<?xml version="1.0" encoding="UTF-8"?>
<testng-results ignored="0" total="1" passed="1" failed="0" skipped="0">
  <reporter-output>
  </reporter-output>
  <suite started-at="2021-01-07T16:06:15 IST" name="Default suite" finished-at="2021-01-07T16:06:25 IST" duration-ms="10093">
    <groups>
    </groups>
    <test started-at="2021-01-07T16:06:15 IST" name="Default test" finished-at="2021-01-07T16:06:25 IST" duration-ms="10093">
      <class name="automation.ui.LearnAlertHandling">
        <test-method signature="openApp()[pri:0, instance:automation.ui.LearnAlertHandling@659a969b]" started-at="2021-01-07T16:06:15 IST" name="openApp" finished-at="2021-01-07T16:06:25 IST" duration-ms="10038" status="PASS">
          <reporter-output>
          </reporter-output>
        </test-method> <!-- openApp -->
      </class> <!-- automation.ui.LearnAlertHandling -->
    </test> <!-- Default test -->
  </suite> <!-- Default suite -->
</testng-results>
